{"/Users/ekaterinavolkova/WEB/2024/frontend-project-46/src/builldDiff.js": {"path":"/Users/ekaterinavolkova/WEB/2024/frontend-project-46/src/builldDiff.js","statementMap":{"0":{"start":{"line":3,"column":24},"end":{"line":36,"column":1}},"1":{"start":{"line":4,"column":16},"end":{"line":4,"column":33}},"2":{"start":{"line":5,"column":16},"end":{"line":5,"column":33}},"3":{"start":{"line":6,"column":21},"end":{"line":6,"column":52}},"4":{"start":{"line":8,"column":17},"end":{"line":34,"column":4}},"5":{"start":{"line":9,"column":4},"end":{"line":15,"column":5}},"6":{"start":{"line":10,"column":6},"end":{"line":14,"column":8}},"7":{"start":{"line":16,"column":4},"end":{"line":18,"column":5}},"8":{"start":{"line":17,"column":6},"end":{"line":17,"column":58}},"9":{"start":{"line":19,"column":4},"end":{"line":21,"column":5}},"10":{"start":{"line":20,"column":6},"end":{"line":20,"column":56}},"11":{"start":{"line":22,"column":4},"end":{"line":24,"column":5}},"12":{"start":{"line":23,"column":6},"end":{"line":23,"column":60}},"13":{"start":{"line":25,"column":4},"end":{"line":33,"column":5}},"14":{"start":{"line":30,"column":6},"end":{"line":32,"column":8}},"15":{"start":{"line":35,"column":2},"end":{"line":35,"column":16}}},"fnMap":{"0":{"name":"(anonymous_0)","decl":{"start":{"line":3,"column":24},"end":{"line":3,"column":25}},"loc":{"start":{"line":3,"column":40},"end":{"line":36,"column":1}},"line":3},"1":{"name":"(anonymous_1)","decl":{"start":{"line":8,"column":32},"end":{"line":8,"column":33}},"loc":{"start":{"line":8,"column":41},"end":{"line":34,"column":3}},"line":8}},"branchMap":{"0":{"loc":{"start":{"line":9,"column":4},"end":{"line":15,"column":5}},"type":"if","locations":[{"start":{"line":9,"column":4},"end":{"line":15,"column":5}},{"start":{},"end":{}}],"line":9},"1":{"loc":{"start":{"line":9,"column":8},"end":{"line":9,"column":54}},"type":"binary-expr","locations":[{"start":{"line":9,"column":8},"end":{"line":9,"column":29}},{"start":{"line":9,"column":33},"end":{"line":9,"column":54}}],"line":9},"2":{"loc":{"start":{"line":16,"column":4},"end":{"line":18,"column":5}},"type":"if","locations":[{"start":{"line":16,"column":4},"end":{"line":18,"column":5}},{"start":{},"end":{}}],"line":16},"3":{"loc":{"start":{"line":19,"column":4},"end":{"line":21,"column":5}},"type":"if","locations":[{"start":{"line":19,"column":4},"end":{"line":21,"column":5}},{"start":{},"end":{}}],"line":19},"4":{"loc":{"start":{"line":22,"column":4},"end":{"line":24,"column":5}},"type":"if","locations":[{"start":{"line":22,"column":4},"end":{"line":24,"column":5}},{"start":{},"end":{}}],"line":22},"5":{"loc":{"start":{"line":25,"column":4},"end":{"line":33,"column":5}},"type":"if","locations":[{"start":{"line":25,"column":4},"end":{"line":33,"column":5}},{"start":{},"end":{}}],"line":25},"6":{"loc":{"start":{"line":26,"column":6},"end":{"line":28,"column":32}},"type":"binary-expr","locations":[{"start":{"line":26,"column":6},"end":{"line":26,"column":30}},{"start":{"line":27,"column":9},"end":{"line":27,"column":33}},{"start":{"line":28,"column":9},"end":{"line":28,"column":32}}],"line":26}},"s":{"0":1,"1":30,"2":30,"3":30,"4":30,"5":108,"6":24,"7":84,"8":12,"9":72,"10":30,"11":42,"12":18,"13":24,"14":24,"15":30},"f":{"0":30,"1":108},"b":{"0":[24,84],"1":[108,36],"2":[12,72],"3":[30,42],"4":[18,24],"5":[24,0],"6":[24,24,24]},"_coverageSchema":"1a1c01bbd47fc00a2c39e90264f33305004495a9","hash":"49220ca96067cb6aea008ba575b3be9dc47158af"}
,"/Users/ekaterinavolkova/WEB/2024/frontend-project-46/src/index.js": {"path":"/Users/ekaterinavolkova/WEB/2024/frontend-project-46/src/index.js","statementMap":{"0":{"start":{"line":8,"column":24},"end":{"line":8,"column":62}},"1":{"start":{"line":8,"column":38},"end":{"line":8,"column":62}},"2":{"start":{"line":10,"column":18},"end":{"line":10,"column":49}},"3":{"start":{"line":10,"column":32},"end":{"line":10,"column":49}},"4":{"start":{"line":12,"column":17},"end":{"line":14,"column":1}},"5":{"start":{"line":13,"column":2},"end":{"line":13,"column":94}},"6":{"start":{"line":16,"column":16},"end":{"line":22,"column":1}},"7":{"start":{"line":17,"column":15},"end":{"line":17,"column":34}},"8":{"start":{"line":18,"column":15},"end":{"line":18,"column":34}},"9":{"start":{"line":19,"column":25},"end":{"line":19,"column":52}},"10":{"start":{"line":20,"column":17},"end":{"line":20,"column":54}},"11":{"start":{"line":21,"column":2},"end":{"line":21,"column":16}}},"fnMap":{"0":{"name":"(anonymous_0)","decl":{"start":{"line":8,"column":24},"end":{"line":8,"column":25}},"loc":{"start":{"line":8,"column":38},"end":{"line":8,"column":62}},"line":8},"1":{"name":"(anonymous_1)","decl":{"start":{"line":10,"column":18},"end":{"line":10,"column":19}},"loc":{"start":{"line":10,"column":32},"end":{"line":10,"column":49}},"line":10},"2":{"name":"(anonymous_2)","decl":{"start":{"line":12,"column":17},"end":{"line":12,"column":18}},"loc":{"start":{"line":12,"column":31},"end":{"line":14,"column":1}},"line":12},"3":{"name":"(anonymous_3)","decl":{"start":{"line":16,"column":16},"end":{"line":16,"column":17}},"loc":{"start":{"line":16,"column":61},"end":{"line":22,"column":1}},"line":16}},"branchMap":{"0":{"loc":{"start":{"line":16,"column":39},"end":{"line":16,"column":56}},"type":"default-arg","locations":[{"start":{"line":16,"column":47},"end":{"line":16,"column":56}}],"line":16}},"s":{"0":1,"1":12,"2":1,"3":12,"4":1,"5":12,"6":1,"7":6,"8":6,"9":6,"10":6,"11":6},"f":{"0":12,"1":12,"2":12,"3":6},"b":{"0":[0]},"_coverageSchema":"1a1c01bbd47fc00a2c39e90264f33305004495a9","hash":"a16819d60ac5abc56319589fe835b173eee47868"}
,"/Users/ekaterinavolkova/WEB/2024/frontend-project-46/src/parsers.js": {"path":"/Users/ekaterinavolkova/WEB/2024/frontend-project-46/src/parsers.js","statementMap":{"0":{"start":{"line":3,"column":23},"end":{"line":14,"column":1}},"1":{"start":{"line":4,"column":2},"end":{"line":13,"column":3}},"2":{"start":{"line":6,"column":6},"end":{"line":6,"column":30}},"3":{"start":{"line":8,"column":6},"end":{"line":8,"column":24}},"4":{"start":{"line":10,"column":6},"end":{"line":10,"column":24}},"5":{"start":{"line":12,"column":6},"end":{"line":12,"column":49}}},"fnMap":{"0":{"name":"(anonymous_0)","decl":{"start":{"line":3,"column":23},"end":{"line":3,"column":24}},"loc":{"start":{"line":3,"column":41},"end":{"line":14,"column":1}},"line":3}},"branchMap":{"0":{"loc":{"start":{"line":4,"column":2},"end":{"line":13,"column":3}},"type":"switch","locations":[{"start":{"line":5,"column":4},"end":{"line":6,"column":30}},{"start":{"line":7,"column":4},"end":{"line":8,"column":24}},{"start":{"line":9,"column":4},"end":{"line":10,"column":24}},{"start":{"line":11,"column":4},"end":{"line":12,"column":49}}],"line":4}},"s":{"0":1,"1":12,"2":6,"3":4,"4":2,"5":0},"f":{"0":12},"b":{"0":[6,4,2,0]},"_coverageSchema":"1a1c01bbd47fc00a2c39e90264f33305004495a9","hash":"4fd7b31a90847d09274155680acb14ab6b58fc4a"}
,"/Users/ekaterinavolkova/WEB/2024/frontend-project-46/src/formatters/index.js": {"path":"/Users/ekaterinavolkova/WEB/2024/frontend-project-46/src/formatters/index.js","statementMap":{"0":{"start":{"line":4,"column":23},"end":{"line":14,"column":1}},"1":{"start":{"line":5,"column":2},"end":{"line":7,"column":3}},"2":{"start":{"line":6,"column":4},"end":{"line":6,"column":36}},"3":{"start":{"line":8,"column":2},"end":{"line":10,"column":3}},"4":{"start":{"line":9,"column":4},"end":{"line":9,"column":34}},"5":{"start":{"line":11,"column":2},"end":{"line":13,"column":3}},"6":{"start":{"line":12,"column":4},"end":{"line":12,"column":42}}},"fnMap":{"0":{"name":"(anonymous_0)","decl":{"start":{"line":4,"column":23},"end":{"line":4,"column":24}},"loc":{"start":{"line":4,"column":40},"end":{"line":14,"column":1}},"line":4}},"branchMap":{"0":{"loc":{"start":{"line":5,"column":2},"end":{"line":7,"column":3}},"type":"if","locations":[{"start":{"line":5,"column":2},"end":{"line":7,"column":3}},{"start":{},"end":{}}],"line":5},"1":{"loc":{"start":{"line":8,"column":2},"end":{"line":10,"column":3}},"type":"if","locations":[{"start":{"line":8,"column":2},"end":{"line":10,"column":3}},{"start":{},"end":{}}],"line":8},"2":{"loc":{"start":{"line":11,"column":2},"end":{"line":13,"column":3}},"type":"if","locations":[{"start":{"line":11,"column":2},"end":{"line":13,"column":3}},{"start":{},"end":{}}],"line":11}},"s":{"0":1,"1":6,"2":2,"3":4,"4":2,"5":2,"6":2},"f":{"0":6},"b":{"0":[2,4],"1":[2,2],"2":[2,0]},"_coverageSchema":"1a1c01bbd47fc00a2c39e90264f33305004495a9","hash":"dff02c6fde98c6a2ca51e0eb01045261106d963c"}
,"/Users/ekaterinavolkova/WEB/2024/frontend-project-46/src/formatters/plain.js": {"path":"/Users/ekaterinavolkova/WEB/2024/frontend-project-46/src/formatters/plain.js","statementMap":{"0":{"start":{"line":3,"column":23},"end":{"line":11,"column":1}},"1":{"start":{"line":4,"column":2},"end":{"line":6,"column":3}},"2":{"start":{"line":5,"column":4},"end":{"line":5,"column":29}},"3":{"start":{"line":7,"column":2},"end":{"line":9,"column":3}},"4":{"start":{"line":8,"column":4},"end":{"line":8,"column":23}},"5":{"start":{"line":10,"column":2},"end":{"line":10,"column":21}},"6":{"start":{"line":13,"column":26},"end":{"line":34,"column":1}},"7":{"start":{"line":14,"column":15},"end":{"line":32,"column":3}},"8":{"start":{"line":15,"column":26},"end":{"line":30,"column":6}},"9":{"start":{"line":16,"column":6},"end":{"line":29,"column":7}},"10":{"start":{"line":18,"column":10},"end":{"line":18,"column":53}},"11":{"start":{"line":20,"column":10},"end":{"line":20,"column":64}},"12":{"start":{"line":22,"column":10},"end":{"line":22,"column":99}},"13":{"start":{"line":24,"column":10},"end":{"line":24,"column":126}},"14":{"start":{"line":26,"column":10},"end":{"line":26,"column":44}},"15":{"start":{"line":28,"column":10},"end":{"line":28,"column":22}},"16":{"start":{"line":31,"column":4},"end":{"line":31,"column":39}},"17":{"start":{"line":33,"column":2},"end":{"line":33,"column":31}}},"fnMap":{"0":{"name":"(anonymous_0)","decl":{"start":{"line":3,"column":23},"end":{"line":3,"column":24}},"loc":{"start":{"line":3,"column":33},"end":{"line":11,"column":1}},"line":3},"1":{"name":"(anonymous_1)","decl":{"start":{"line":13,"column":26},"end":{"line":13,"column":27}},"loc":{"start":{"line":13,"column":36},"end":{"line":34,"column":1}},"line":13},"2":{"name":"(anonymous_2)","decl":{"start":{"line":14,"column":15},"end":{"line":14,"column":16}},"loc":{"start":{"line":14,"column":37},"end":{"line":32,"column":3}},"line":14},"3":{"name":"(anonymous_3)","decl":{"start":{"line":15,"column":35},"end":{"line":15,"column":36}},"loc":{"start":{"line":15,"column":73},"end":{"line":30,"column":5}},"line":15}},"branchMap":{"0":{"loc":{"start":{"line":4,"column":2},"end":{"line":6,"column":3}},"type":"if","locations":[{"start":{"line":4,"column":2},"end":{"line":6,"column":3}},{"start":{},"end":{}}],"line":4},"1":{"loc":{"start":{"line":7,"column":2},"end":{"line":9,"column":3}},"type":"if","locations":[{"start":{"line":7,"column":2},"end":{"line":9,"column":3}},{"start":{},"end":{}}],"line":7},"2":{"loc":{"start":{"line":16,"column":6},"end":{"line":29,"column":7}},"type":"switch","locations":[{"start":{"line":17,"column":8},"end":{"line":18,"column":53}},{"start":{"line":19,"column":8},"end":{"line":20,"column":64}},{"start":{"line":21,"column":8},"end":{"line":22,"column":99}},{"start":{"line":23,"column":8},"end":{"line":24,"column":126}},{"start":{"line":25,"column":8},"end":{"line":26,"column":44}},{"start":{"line":27,"column":8},"end":{"line":28,"column":22}}],"line":16}},"s":{"0":1,"1":26,"2":6,"3":20,"4":6,"5":14,"6":1,"7":2,"8":10,"9":36,"10":8,"11":4,"12":10,"13":8,"14":0,"15":6,"16":10,"17":2},"f":{"0":26,"1":2,"2":10,"3":36},"b":{"0":[6,20],"1":[6,14],"2":[8,4,10,8,0,6]},"_coverageSchema":"1a1c01bbd47fc00a2c39e90264f33305004495a9","hash":"caaa38a9d5e1c0939ad1584a76afdb0de5cbb758"}
,"/Users/ekaterinavolkova/WEB/2024/frontend-project-46/src/formatters/stylish.js": {"path":"/Users/ekaterinavolkova/WEB/2024/frontend-project-46/src/formatters/stylish.js","statementMap":{"0":{"start":{"line":3,"column":12},"end":{"line":3,"column":15}},"1":{"start":{"line":4,"column":18},"end":{"line":4,"column":19}},"2":{"start":{"line":5,"column":14},"end":{"line":5,"column":15}},"3":{"start":{"line":7,"column":25},"end":{"line":19,"column":1}},"4":{"start":{"line":8,"column":2},"end":{"line":10,"column":3}},"5":{"start":{"line":9,"column":4},"end":{"line":9,"column":25}},"6":{"start":{"line":11,"column":20},"end":{"line":11,"column":37}},"7":{"start":{"line":12,"column":23},"end":{"line":12,"column":48}},"8":{"start":{"line":13,"column":28},"end":{"line":13,"column":46}},"9":{"start":{"line":14,"column":14},"end":{"line":17,"column":4}},"10":{"start":{"line":15,"column":24},"end":{"line":15,"column":63}},"11":{"start":{"line":16,"column":4},"end":{"line":16,"column":63}},"12":{"start":{"line":18,"column":2},"end":{"line":18,"column":50}},"13":{"start":{"line":21,"column":28},"end":{"line":43,"column":1}},"14":{"start":{"line":22,"column":15},"end":{"line":41,"column":3}},"15":{"start":{"line":23,"column":21},"end":{"line":23,"column":58}},"16":{"start":{"line":24,"column":26},"end":{"line":39,"column":6}},"17":{"start":{"line":25,"column":6},"end":{"line":38,"column":7}},"18":{"start":{"line":27,"column":10},"end":{"line":27,"column":85}},"19":{"start":{"line":29,"column":10},"end":{"line":29,"column":74}},"20":{"start":{"line":31,"column":10},"end":{"line":31,"column":74}},"21":{"start":{"line":33,"column":10},"end":{"line":33,"column":74}},"22":{"start":{"line":35,"column":10},"end":{"line":35,"column":133}},"23":{"start":{"line":37,"column":10},"end":{"line":37,"column":44}},"24":{"start":{"line":40,"column":4},"end":{"line":40,"column":36}},"25":{"start":{"line":42,"column":2},"end":{"line":42,"column":34}}},"fnMap":{"0":{"name":"(anonymous_0)","decl":{"start":{"line":7,"column":25},"end":{"line":7,"column":26}},"loc":{"start":{"line":7,"column":43},"end":{"line":19,"column":1}},"line":7},"1":{"name":"(anonymous_1)","decl":{"start":{"line":14,"column":36},"end":{"line":14,"column":37}},"loc":{"start":{"line":14,"column":45},"end":{"line":17,"column":3}},"line":14},"2":{"name":"(anonymous_2)","decl":{"start":{"line":21,"column":28},"end":{"line":21,"column":29}},"loc":{"start":{"line":21,"column":38},"end":{"line":43,"column":1}},"line":21},"3":{"name":"(anonymous_3)","decl":{"start":{"line":22,"column":15},"end":{"line":22,"column":16}},"loc":{"start":{"line":22,"column":32},"end":{"line":41,"column":3}},"line":22},"4":{"name":"(anonymous_4)","decl":{"start":{"line":24,"column":35},"end":{"line":24,"column":36}},"loc":{"start":{"line":24,"column":73},"end":{"line":39,"column":5}},"line":24}},"branchMap":{"0":{"loc":{"start":{"line":8,"column":2},"end":{"line":10,"column":3}},"type":"if","locations":[{"start":{"line":8,"column":2},"end":{"line":10,"column":3}},{"start":{},"end":{}}],"line":8},"1":{"loc":{"start":{"line":25,"column":6},"end":{"line":38,"column":7}},"type":"switch","locations":[{"start":{"line":26,"column":8},"end":{"line":27,"column":85}},{"start":{"line":28,"column":8},"end":{"line":29,"column":74}},{"start":{"line":30,"column":8},"end":{"line":31,"column":74}},{"start":{"line":32,"column":8},"end":{"line":33,"column":74}},{"start":{"line":34,"column":8},"end":{"line":35,"column":133}},{"start":{"line":36,"column":8},"end":{"line":37,"column":44}}],"line":25}},"s":{"0":1,"1":1,"2":1,"3":1,"4":54,"5":40,"6":14,"7":14,"8":14,"9":14,"10":18,"11":18,"12":14,"13":1,"14":2,"15":10,"16":10,"17":36,"18":8,"19":4,"20":10,"21":6,"22":8,"23":0,"24":10,"25":2},"f":{"0":54,"1":18,"2":2,"3":10,"4":36},"b":{"0":[40,14],"1":[8,4,10,6,8,0]},"_coverageSchema":"1a1c01bbd47fc00a2c39e90264f33305004495a9","hash":"d4051924803e552b93312138839552465e313eeb"}
}
