TN:
SF:src/gendiff.js
FN:3,(anonymous_0)
FN:9,(anonymous_1)
FN:31,(anonymous_2)
FN:34,(anonymous_3)
FNF:4
FNH:4
FNDA:1,(anonymous_0)
FNDA:5,(anonymous_1)
FNDA:1,(anonymous_2)
FNDA:5,(anonymous_3)
DA:3,1
DA:4,1
DA:5,1
DA:6,1
DA:7,1
DA:9,1
DA:10,5
DA:11,2
DA:13,5
DA:14,1
DA:16,5
DA:17,1
DA:19,5
DA:24,1
DA:26,5
DA:28,1
DA:31,1
DA:32,1
DA:33,1
DA:34,1
DA:35,5
DA:37,2
DA:39,1
DA:41,1
DA:43,1
DA:45,0
DA:48,1
DA:49,1
LF:28
LH:27
BRDA:10,0,0,2
BRDA:10,0,1,3
BRDA:13,1,0,1
BRDA:13,1,1,4
BRDA:16,2,0,1
BRDA:16,2,1,4
BRDA:19,3,0,1
BRDA:19,3,1,4
BRDA:20,4,0,5
BRDA:20,4,1,4
BRDA:20,4,2,2
BRDA:35,5,0,2
BRDA:35,5,1,1
BRDA:35,5,2,1
BRDA:35,5,3,1
BRDA:35,5,4,0
BRF:16
BRH:15
end_of_record
TN:
SF:src/parsers.js
FN:5,(anonymous_0)
FN:7,(anonymous_1)
FN:12,(anonymous_2)
FNF:3
FNH:3
FNDA:2,(anonymous_0)
FNDA:2,(anonymous_1)
FNDA:1,(anonymous_2)
DA:5,2
DA:7,1
DA:8,2
DA:9,2
DA:12,1
DA:13,1
DA:14,1
DA:15,1
LF:8
LH:8
BRF:0
BRH:0
end_of_record
