TN:
SF:src/builldDiff.js
FN:3,(anonymous_0)
FN:8,(anonymous_1)
FNF:2
FNH:2
FNDA:30,(anonymous_0)
FNDA:108,(anonymous_1)
DA:3,1
DA:4,30
DA:5,30
DA:6,30
DA:8,30
DA:9,108
DA:10,24
DA:16,84
DA:17,12
DA:19,72
DA:20,30
DA:22,42
DA:23,18
DA:25,24
DA:30,24
DA:35,30
LF:16
LH:16
BRDA:9,0,0,24
BRDA:9,0,1,84
BRDA:9,1,0,108
BRDA:9,1,1,36
BRDA:16,2,0,12
BRDA:16,2,1,72
BRDA:19,3,0,30
BRDA:19,3,1,42
BRDA:22,4,0,18
BRDA:22,4,1,24
BRDA:25,5,0,24
BRDA:25,5,1,0
BRDA:26,6,0,24
BRDA:26,6,1,24
BRDA:26,6,2,24
BRF:15
BRH:14
end_of_record
TN:
SF:src/index.js
FN:8,(anonymous_0)
FN:10,(anonymous_1)
FN:12,(anonymous_2)
FN:16,(anonymous_3)
FNF:4
FNH:4
FNDA:12,(anonymous_0)
FNDA:12,(anonymous_1)
FNDA:12,(anonymous_2)
FNDA:6,(anonymous_3)
DA:8,12
DA:10,12
DA:12,1
DA:13,12
DA:16,1
DA:17,6
DA:18,6
DA:19,6
DA:20,6
DA:21,6
LF:10
LH:10
BRDA:16,0,0,0
BRF:1
BRH:0
end_of_record
TN:
SF:src/parsers.js
FN:3,(anonymous_0)
FNF:1
FNH:1
FNDA:12,(anonymous_0)
DA:3,1
DA:4,12
DA:6,6
DA:8,4
DA:10,2
DA:12,0
LF:6
LH:5
BRDA:4,0,0,6
BRDA:4,0,1,4
BRDA:4,0,2,2
BRDA:4,0,3,0
BRF:4
BRH:3
end_of_record
TN:
SF:src/formatters/index.js
FN:4,(anonymous_0)
FNF:1
FNH:1
FNDA:6,(anonymous_0)
DA:4,1
DA:5,6
DA:6,2
DA:8,4
DA:9,2
DA:11,2
DA:12,2
LF:7
LH:7
BRDA:5,0,0,2
BRDA:5,0,1,4
BRDA:8,1,0,2
BRDA:8,1,1,2
BRDA:11,2,0,2
BRDA:11,2,1,0
BRF:6
BRH:5
end_of_record
TN:
SF:src/formatters/plain.js
FN:3,(anonymous_0)
FN:13,(anonymous_1)
FN:14,(anonymous_2)
FN:15,(anonymous_3)
FNF:4
FNH:4
FNDA:26,(anonymous_0)
FNDA:2,(anonymous_1)
FNDA:10,(anonymous_2)
FNDA:36,(anonymous_3)
DA:3,1
DA:4,26
DA:5,6
DA:7,20
DA:8,6
DA:10,14
DA:13,1
DA:14,2
DA:15,10
DA:16,36
DA:18,8
DA:20,4
DA:22,10
DA:24,8
DA:26,0
DA:28,6
DA:31,10
DA:33,2
LF:18
LH:17
BRDA:4,0,0,6
BRDA:4,0,1,20
BRDA:7,1,0,6
BRDA:7,1,1,14
BRDA:16,2,0,8
BRDA:16,2,1,4
BRDA:16,2,2,10
BRDA:16,2,3,8
BRDA:16,2,4,0
BRDA:16,2,5,6
BRF:10
BRH:9
end_of_record
TN:
SF:src/formatters/stylish.js
FN:7,(anonymous_0)
FN:14,(anonymous_1)
FN:21,(anonymous_2)
FN:22,(anonymous_3)
FN:24,(anonymous_4)
FNF:5
FNH:5
FNDA:54,(anonymous_0)
FNDA:18,(anonymous_1)
FNDA:2,(anonymous_2)
FNDA:10,(anonymous_3)
FNDA:36,(anonymous_4)
DA:3,1
DA:4,1
DA:5,1
DA:7,1
DA:8,54
DA:9,40
DA:11,14
DA:12,14
DA:13,14
DA:14,14
DA:15,18
DA:16,18
DA:18,14
DA:21,1
DA:22,2
DA:23,10
DA:24,10
DA:25,36
DA:27,8
DA:29,4
DA:31,10
DA:33,6
DA:35,8
DA:37,0
DA:40,10
DA:42,2
LF:26
LH:25
BRDA:8,0,0,40
BRDA:8,0,1,14
BRDA:25,1,0,8
BRDA:25,1,1,4
BRDA:25,1,2,10
BRDA:25,1,3,6
BRDA:25,1,4,8
BRDA:25,1,5,0
BRF:8
BRH:7
end_of_record
